<?xml version="1.0" encoding="UTF-8"?>
<!-- Generated by org.testng.reporters.JUnitReportReporter -->
<testsuite hostname="DESKTOP-PCRG6DC" failures="0" tests="1" name="testCases.TC_001_AccountRegistrationTest" time="6.490" errors="0" timestamp="2022-11-16T16:51:12 PST" skipped="0">
  <testcase classname="testCases.TC_001_AccountRegistrationTest" name="test_account_Registration" time="6.490"/>
  <system-out/>
</testsuite> <!-- testCases.TC_001_AccountRegistrationTest -->
